<?xml version="1.0" encoding="UTF-8"?>
<testng-results skipped="0" failed="1" ignored="4" total="6" passed="1">
  <reporter-output>
    <line>
      <![CDATA[*******************************************************************]]>
    </line>
    <line>
      <![CDATA[*******************************************************************]]>
    </line>
    <line>
      <![CDATA[TEST CASE : Demo on WebWithGuestCheckout]]>
    </line>
    <line>
      <![CDATA[TEST CASE : Demo on Web]]>
    </line>
    <line>
      <![CDATA[*******************************************************************]]>
    </line>
    <line>
      <![CDATA[*******************************************************************]]>
    </line>
    <line>
      <![CDATA[Clicked On myAccountOption]]>
    </line>
    <line>
      <![CDATA[Entered value  'User' in 'FirstName']]>
    </line>
    <line>
      <![CDATA[Entered value  'Test' in 'LastName']]>
    </line>
    <line>
      <![CDATA[Entered value  'ps9@gmail.com' in 'SignupMail']]>
    </line>
    <line>
      <![CDATA[Entered value  'Sanvi@123' in 'signupPassword']]>
    </line>
    <line>
      <![CDATA[Entered value  'Sanvi@123' in 'Confirm Password']]>
    </line>
    <line>
      <![CDATA[Entered value  '7042117434' in 'PhoneNumber']]>
    </line>
    <line>
      <![CDATA[Clicked On RegisterBtn]]>
    </line>
    <line>
      <![CDATA[Clicked On myAccountOption]]>
    </line>
    <line>
      <![CDATA[Entered value  'User' in 'FirstName']]>
    </line>
    <line>
      <![CDATA[Entered value  'Test' in 'LastName']]>
    </line>
    <line>
      <![CDATA[Entered value  'ps9@gmail.com' in 'SignupMail']]>
    </line>
    <line>
      <![CDATA[Entered value  'Sanvi@123' in 'signupPassword']]>
    </line>
    <line>
      <![CDATA[Entered value  'Sanvi@123' in 'Confirm Password']]>
    </line>
    <line>
      <![CDATA[Entered value  '7042117434' in 'PhoneNumber']]>
    </line>
    <line>
      <![CDATA[Clicked On RegisterBtn]]>
    </line>
    <line>
      <![CDATA[Clicked On SubCategory]]>
    </line>
    <line>
      <![CDATA[Clicked On Product]]>
    </line>
    <line>
      <![CDATA[Clicked On Addtocart]]>
    </line>
    <line>
      <![CDATA[Clicked On GoToCart]]>
    </line>
    <line>
      <![CDATA[Clicked On Increaseqty]]>
    </line>
    <line>
      <![CDATA[Clicked On Decreaseqty]]>
    </line>
    <line>
      <![CDATA[Clicked On removeCartq]]>
    </line>
    <line>
      <![CDATA[Clicked On SubCategory]]>
    </line>
    <line>
      <![CDATA[Clicked On Product]]>
    </line>
    <line>
      <![CDATA[Clicked On Addtocart]]>
    </line>
    <line>
      <![CDATA[Clicked On GoToCart]]>
    </line>
    <line>
      <![CDATA[Clicked On Checkout]]>
    </line>
    <line>
      <![CDATA[Entered value  'ps8940@gmail.com' in 'Email']]>
    </line>
    <line>
      <![CDATA[Entered value  'TestOrder' in 'SippingName']]>
    </line>
    <line>
      <![CDATA[Clicked On EnterManuallyAddress]]>
    </line>
    <line>
      <![CDATA[Entered value  'testaddress' in 'ShippingAddressLine1']]>
    </line>
    <line>
      <![CDATA[Entered value  'test' in 'ShippingAddressLine2']]>
    </line>
    <line>
      <![CDATA[Entered value  'newyork' in 'shippingLocality']]>
    </line>
    <line>
      <![CDATA[Entered value  '10052' in 'shippingPostalCode']]>
    </line>
    <line>
      <![CDATA[Entered value  '4111111111111111' in 'cardNumber']]>
    </line>
    <line>
      <![CDATA[Entered value  '03/31' in 'cardExpiry']]>
    </line>
    <line>
      <![CDATA[Entered value  '123' in 'CheckoutCardCvc']]>
    </line>
    <line>
      <![CDATA[Clicked On Proceed to Checkout]]>
    </line>
    <line>
      <![CDATA[GetText OrderConfirmationText]]>
    </line>
    <line>
      <![CDATA[OrderId OrderConfirmationNumber]]>
    </line>
  </reporter-output>
  <suite name="Command line suite" duration-ms="180832" started-at="2021-05-26T09:18:25Z" finished-at="2021-05-26T09:21:26Z">
    <groups>
      <group name="Demo">
        <method signature="Demo.Demo_on_Web()[pri:0, instance:TestSuite.Demo@5c1a8622]" name="Demo_on_Web" class="TestSuite.Demo"/>
        <method signature="Demo.Demo_on_WebWithGuestCheckout()[pri:0, instance:TestSuite.Demo@5c1a8622]" name="Demo_on_WebWithGuestCheckout" class="TestSuite.Demo"/>
      </group> <!-- Demo -->
      <group name="production">
        <method signature="Demo.Demo_on_Web()[pri:0, instance:TestSuite.Demo@5c1a8622]" name="Demo_on_Web" class="TestSuite.Demo"/>
        <method signature="Demo.Demo_on_WebWithGuestCheckout()[pri:0, instance:TestSuite.Demo@5c1a8622]" name="Demo_on_WebWithGuestCheckout" class="TestSuite.Demo"/>
      </group> <!-- production -->
    </groups>
    <test name="Command line test" duration-ms="180832" started-at="2021-05-26T09:18:25Z" finished-at="2021-05-26T09:21:26Z">
      <class name="FrameWork.Framework">
        <test-method status="PASS" signature="beforeSuite()[pri:0, instance:FrameWork.Framework@436a4e4b]" name="beforeSuite" is-config="true" duration-ms="7098" started-at="2021-05-26T14:48:18Z" finished-at="2021-05-26T14:48:25Z">
          <reporter-output>
          </reporter-output>
        </test-method> <!-- beforeSuite -->
        <test-method status="PASS" signature="SessionTearDown()[pri:0, instance:FrameWork.Framework@436a4e4b]" name="SessionTearDown" is-config="true" duration-ms="199" started-at="2021-05-26T14:51:26Z" finished-at="2021-05-26T14:51:27Z">
          <reporter-output>
          </reporter-output>
        </test-method> <!-- SessionTearDown -->
      </class> <!-- FrameWork.Framework -->
      <class name="TestSuite.Demo">
        <test-method status="PASS" signature="preSetup()[pri:0, instance:TestSuite.Demo@5c1a8622]" name="preSetup" is-config="true" duration-ms="283" started-at="2021-05-26T14:48:26Z" finished-at="2021-05-26T14:48:26Z">
          <reporter-output>
          </reporter-output>
        </test-method> <!-- preSetup -->
        <test-method status="PASS" signature="preSetup()[pri:0, instance:TestSuite.Demo@5c1a8622]" name="preSetup" is-config="true" duration-ms="283" started-at="2021-05-26T14:48:26Z" finished-at="2021-05-26T14:48:26Z">
          <reporter-output>
          </reporter-output>
        </test-method> <!-- preSetup -->
        <test-method status="PASS" signature="Demo_on_Web()[pri:0, instance:TestSuite.Demo@5c1a8622]" name="Demo_on_Web" duration-ms="180245" started-at="2021-05-26T14:48:26Z" description="verifying with register user" finished-at="2021-05-26T14:51:26Z">
          <reporter-output>
            <line>
              <![CDATA[*******************************************************************]]>
            </line>
            <line>
              <![CDATA[TEST CASE : Demo on Web]]>
            </line>
            <line>
              <![CDATA[*******************************************************************]]>
            </line>
            <line>
              <![CDATA[Clicked On myAccountOption]]>
            </line>
            <line>
              <![CDATA[Entered value  'User' in 'FirstName']]>
            </line>
            <line>
              <![CDATA[Entered value  'Test' in 'LastName']]>
            </line>
            <line>
              <![CDATA[Entered value  'ps9@gmail.com' in 'SignupMail']]>
            </line>
            <line>
              <![CDATA[Entered value  'Sanvi@123' in 'signupPassword']]>
            </line>
            <line>
              <![CDATA[Entered value  'Sanvi@123' in 'Confirm Password']]>
            </line>
            <line>
              <![CDATA[Entered value  '7042117434' in 'PhoneNumber']]>
            </line>
            <line>
              <![CDATA[Clicked On RegisterBtn]]>
            </line>
            <line>
              <![CDATA[Clicked On myAccountOption]]>
            </line>
            <line>
              <![CDATA[Entered value  'User' in 'FirstName']]>
            </line>
            <line>
              <![CDATA[Entered value  'Test' in 'LastName']]>
            </line>
            <line>
              <![CDATA[Entered value  'ps9@gmail.com' in 'SignupMail']]>
            </line>
            <line>
              <![CDATA[Entered value  'Sanvi@123' in 'signupPassword']]>
            </line>
            <line>
              <![CDATA[Entered value  'Sanvi@123' in 'Confirm Password']]>
            </line>
            <line>
              <![CDATA[Entered value  '7042117434' in 'PhoneNumber']]>
            </line>
            <line>
              <![CDATA[Clicked On RegisterBtn]]>
            </line>
            <line>
              <![CDATA[Clicked On SubCategory]]>
            </line>
            <line>
              <![CDATA[Clicked On Product]]>
            </line>
            <line>
              <![CDATA[Clicked On Addtocart]]>
            </line>
            <line>
              <![CDATA[Clicked On GoToCart]]>
            </line>
            <line>
              <![CDATA[Clicked On Increaseqty]]>
            </line>
            <line>
              <![CDATA[Clicked On Decreaseqty]]>
            </line>
            <line>
              <![CDATA[Clicked On removeCartq]]>
            </line>
            <line>
              <![CDATA[Clicked On SubCategory]]>
            </line>
            <line>
              <![CDATA[Clicked On Product]]>
            </line>
            <line>
              <![CDATA[Clicked On Addtocart]]>
            </line>
            <line>
              <![CDATA[Clicked On GoToCart]]>
            </line>
            <line>
              <![CDATA[Clicked On Checkout]]>
            </line>
            <line>
              <![CDATA[Entered value  'ps8940@gmail.com' in 'Email']]>
            </line>
            <line>
              <![CDATA[Entered value  'TestOrder' in 'SippingName']]>
            </line>
            <line>
              <![CDATA[Clicked On EnterManuallyAddress]]>
            </line>
            <line>
              <![CDATA[Entered value  'testaddress' in 'ShippingAddressLine1']]>
            </line>
            <line>
              <![CDATA[Entered value  'test' in 'ShippingAddressLine2']]>
            </line>
            <line>
              <![CDATA[Entered value  'newyork' in 'shippingLocality']]>
            </line>
            <line>
              <![CDATA[Entered value  '10052' in 'shippingPostalCode']]>
            </line>
            <line>
              <![CDATA[Entered value  '4111111111111111' in 'cardNumber']]>
            </line>
            <line>
              <![CDATA[Entered value  '03/31' in 'cardExpiry']]>
            </line>
            <line>
              <![CDATA[Entered value  '123' in 'CheckoutCardCvc']]>
            </line>
            <line>
              <![CDATA[Clicked On Proceed to Checkout]]>
            </line>
            <line>
              <![CDATA[GetText OrderConfirmationText]]>
            </line>
            <line>
              <![CDATA[OrderId OrderConfirmationNumber]]>
            </line>
          </reporter-output>
        </test-method> <!-- Demo_on_Web -->
        <test-method status="FAIL" signature="Demo_on_WebWithGuestCheckout()[pri:0, instance:TestSuite.Demo@5c1a8622]" name="Demo_on_WebWithGuestCheckout" duration-ms="7176" started-at="2021-05-26T14:48:26Z" description="verifying with guest user" finished-at="2021-05-26T14:48:33Z">
          <exception class="org.openqa.selenium.WebDriverException">
            <message>
              <![CDATA[Connection refused: connect
Build info: version: '3.141.59', revision: 'e82be7d358', time: '2018-11-14T08:17:03'
System info: host: 'DESKTOP-SDI2AQA', ip: '192.168.1.14', os.name: 'Windows 10', os.arch: 'amd64', os.version: '10.0', java.version: '1.8.0_281'
Driver info: driver.version: AndroidDriver]]>
            </message>
            <full-stacktrace>
              <![CDATA[org.openqa.selenium.WebDriverException: Connection refused: connect
Build info: version: '3.141.59', revision: 'e82be7d358', time: '2018-11-14T08:17:03'
System info: host: 'DESKTOP-SDI2AQA', ip: '192.168.1.14', os.name: 'Windows 10', os.arch: 'amd64', os.version: '10.0', java.version: '1.8.0_281'
Driver info: driver.version: AndroidDriver
	at io.appium.java_client.remote.AppiumCommandExecutor.lambda$6(AppiumCommandExecutor.java:259)
	at java.util.Optional.orElseGet(Optional.java:267)
	at io.appium.java_client.remote.AppiumCommandExecutor.execute(AppiumCommandExecutor.java:258)
	at org.openqa.selenium.remote.RemoteWebDriver.execute(RemoteWebDriver.java:552)
	at io.appium.java_client.DefaultGenericMobileDriver.execute(DefaultGenericMobileDriver.java:41)
	at io.appium.java_client.AppiumDriver.execute(AppiumDriver.java:1)
	at io.appium.java_client.android.AndroidDriver.execute(AndroidDriver.java:1)
	at org.openqa.selenium.remote.RemoteWebDriver.startSession(RemoteWebDriver.java:213)
	at io.appium.java_client.AppiumDriver.startSession(AppiumDriver.java:338)
	at org.openqa.selenium.remote.RemoteWebDriver.<init>(RemoteWebDriver.java:131)
	at io.appium.java_client.DefaultGenericMobileDriver.<init>(DefaultGenericMobileDriver.java:37)
	at io.appium.java_client.AppiumDriver.<init>(AppiumDriver.java:89)
	at io.appium.java_client.AppiumDriver.<init>(AppiumDriver.java:99)
	at io.appium.java_client.android.AndroidDriver.<init>(AndroidDriver.java:96)
	at FrameWork.Framework.getWebBrowser(Framework.java:406)
	at TestSuite.Demo.Demo_on_WebWithGuestCheckout(Demo.java:189)
	at sun.reflect.NativeMethodAccessorImpl.invoke0(Native Method)
	at sun.reflect.NativeMethodAccessorImpl.invoke(NativeMethodAccessorImpl.java:62)
	at sun.reflect.DelegatingMethodAccessorImpl.invoke(DelegatingMethodAccessorImpl.java:43)
	at java.lang.reflect.Method.invoke(Method.java:498)
	at org.testng.internal.MethodInvocationHelper.invokeMethod(MethodInvocationHelper.java:104)
	at org.testng.internal.Invoker.invokeMethod(Invoker.java:645)
	at org.testng.internal.Invoker.invokeTestMethod(Invoker.java:851)
	at org.testng.internal.Invoker.invokeTestMethods(Invoker.java:1177)
	at org.testng.internal.TestMethodWorker.invokeTestMethods(TestMethodWorker.java:129)
	at org.testng.internal.TestMethodWorker.run(TestMethodWorker.java:112)
	at java.util.concurrent.ThreadPoolExecutor.runWorker(ThreadPoolExecutor.java:1149)
	at java.util.concurrent.ThreadPoolExecutor$Worker.run(ThreadPoolExecutor.java:624)
	at java.lang.Thread.run(Thread.java:748)
Caused by: java.net.ConnectException: Connection refused: connect
	at java.net.DualStackPlainSocketImpl.waitForConnect(Native Method)
	at java.net.DualStackPlainSocketImpl.socketConnect(DualStackPlainSocketImpl.java:81)
	at java.net.AbstractPlainSocketImpl.doConnect(AbstractPlainSocketImpl.java:476)
	at java.net.AbstractPlainSocketImpl.connectToAddress(AbstractPlainSocketImpl.java:218)
	at java.net.AbstractPlainSocketImpl.connect(AbstractPlainSocketImpl.java:200)
	at java.net.PlainSocketImpl.connect(PlainSocketImpl.java:162)
	at java.net.SocksSocketImpl.connect(SocksSocketImpl.java:394)
	at java.net.Socket.connect(Socket.java:606)
	at okhttp3.internal.platform.Platform.connectSocket(Platform.java:129)
	at okhttp3.internal.connection.RealConnection.connectSocket(RealConnection.java:245)
	at okhttp3.internal.connection.RealConnection.connect(RealConnection.java:165)
	at okhttp3.internal.connection.StreamAllocation.findConnection(StreamAllocation.java:257)
	at okhttp3.internal.connection.StreamAllocation.findHealthyConnection(StreamAllocation.java:135)
	at okhttp3.internal.connection.StreamAllocation.newStream(StreamAllocation.java:114)
	at okhttp3.internal.connection.ConnectInterceptor.intercept(ConnectInterceptor.java:42)
	at okhttp3.internal.http.RealInterceptorChain.proceed(RealInterceptorChain.java:147)
	at okhttp3.internal.http.RealInterceptorChain.proceed(RealInterceptorChain.java:121)
	at okhttp3.internal.cache.CacheInterceptor.intercept(CacheInterceptor.java:93)
	at okhttp3.internal.http.RealInterceptorChain.proceed(RealInterceptorChain.java:147)
	at okhttp3.internal.http.RealInterceptorChain.proceed(RealInterceptorChain.java:121)
	at okhttp3.internal.http.BridgeInterceptor.intercept(BridgeInterceptor.java:93)
	at okhttp3.internal.http.RealInterceptorChain.proceed(RealInterceptorChain.java:147)
	at okhttp3.internal.http.RetryAndFollowUpInterceptor.intercept(RetryAndFollowUpInterceptor.java:126)
	at okhttp3.internal.http.RealInterceptorChain.proceed(RealInterceptorChain.java:147)
	at okhttp3.internal.http.RealInterceptorChain.proceed(RealInterceptorChain.java:121)
	at okhttp3.RealCall.getResponseWithInterceptorChain(RealCall.java:200)
	at okhttp3.RealCall.execute(RealCall.java:77)
	at org.openqa.selenium.remote.internal.OkHttpClient.execute(OkHttpClient.java:103)
	at io.appium.java_client.remote.AppiumCommandExecutor.lambda$1(AppiumCommandExecutor.java:162)
	at org.openqa.selenium.remote.ProtocolHandshake.createSession(ProtocolHandshake.java:105)
	at sun.reflect.NativeMethodAccessorImpl.invoke0(Native Method)
	at sun.reflect.NativeMethodAccessorImpl.invoke(NativeMethodAccessorImpl.java:62)
	at sun.reflect.DelegatingMethodAccessorImpl.invoke(DelegatingMethodAccessorImpl.java:43)
	at java.lang.reflect.Method.invoke(Method.java:498)
	at io.appium.java_client.remote.AppiumCommandExecutor$1.createSession(AppiumCommandExecutor.java:193)
	at io.appium.java_client.remote.AppiumCommandExecutor.createSession(AppiumCommandExecutor.java:225)
	at io.appium.java_client.remote.AppiumCommandExecutor.execute(AppiumCommandExecutor.java:247)
	... 26 more
]]>
            </full-stacktrace>
          </exception> <!-- org.openqa.selenium.WebDriverException -->
          <reporter-output>
            <line>
              <![CDATA[*******************************************************************]]>
            </line>
            <line>
              <![CDATA[TEST CASE : Demo on WebWithGuestCheckout]]>
            </line>
            <line>
              <![CDATA[*******************************************************************]]>
            </line>
          </reporter-output>
        </test-method> <!-- Demo_on_WebWithGuestCheckout -->
        <test-method status="PASS" signature="flushExtent()[pri:0, instance:TestSuite.Demo@5c1a8622]" name="flushExtent" is-config="true" duration-ms="428" started-at="2021-05-26T14:48:33Z" finished-at="2021-05-26T14:48:33Z">
          <reporter-output>
          </reporter-output>
        </test-method> <!-- flushExtent -->
        <test-method status="PASS" signature="flushExtent()[pri:0, instance:TestSuite.Demo@5c1a8622]" name="flushExtent" is-config="true" duration-ms="82" started-at="2021-05-26T14:51:26Z" finished-at="2021-05-26T14:51:26Z">
          <reporter-output>
          </reporter-output>
        </test-method> <!-- flushExtent -->
      </class> <!-- TestSuite.Demo -->
    </test> <!-- Command line test -->
  </suite> <!-- Command line suite -->
</testng-results>
